Drill report for keypad.kicad_pcb
Created on Sat Jun 11 23:02:00 2022

Copper Layer Stackup:
    =============================================================
    L1 :  F.Cu                      front
    L2 :  B.Cu                      back


Drill file 'keypad.drl' contains
    plated through holes:
    =============================================================
    T1  0.40mm  0.016"  (43 holes)
    T2  0.60mm  0.024"  (32 holes)
    T3  0.80mm  0.031"  (32 holes)
    T4  1.00mm  0.039"  (12 holes)
    T5  1.20mm  0.047"  (16 holes)
    T6  1.50mm  0.059"  (32 holes)
    T7  2.50mm  0.098"  (2 holes)
    T8  4.30mm  0.169"  (4 holes)

    Total plated holes count 173


Not plated through holes are merged with plated holes
    unplated through holes:
    =============================================================
    T9  1.70mm  0.067"  (32 holes)
    T10  4.00mm  0.157"  (16 holes)

    Total unplated holes count 48
